Build started 30/11/2011 0:47:05.
     1>Project "C:\Users\Samuel_ting\Documents\Visual Studio 2010\Projects\ProjectFramework20111130\ProjectFramework\GrTown\GrTown.vcxproj" on node 2 (build target(s)).
     1>InitializeBuildStatus:
         Touching "Debug\GrTown.unsuccessfulbuild".
       ClCompile:
         All outputs are up-to-date.
         All outputs are up-to-date.
       ManifestResourceCompile:
         All outputs are up-to-date.
       Link:
         C:\Program Files (x86)\Microsoft Visual Studio 10.0\VC\bin\link.exe /ERRORREPORT:PROMPT /OUT:"Debug\GrTown.exe" /INCREMENTAL /NOLOGO /LIBPATH:..\WinFltk\lib fltkd.lib fltkgld.lib comctl32.lib wsock32.lib opengl32.lib glu32.lib fltkjpegd.lib fltkpngd.lib fltkimagesd.lib fltkzd.lib kernel32.lib user32.lib gdi32.lib winspool.lib comdlg32.lib advapi32.lib shell32.lib ole32.lib oleaut32.lib uuid.lib odbc32.lib odbccp32.lib /MANIFEST /ManifestFile:"Debug\GrTown.exe.intermediate.manifest" /MANIFESTUAC:"level='asInvoker' uiAccess='false'" /DEBUG /PDB:"Debug\GrTown.pdb" /SUBSYSTEM:CONSOLE /TLBID:1 /DYNAMICBASE:NO /IMPLIB:"Debug\GrTown.lib" /MACHINE:X86 Debug\GrTown.exe.embed.manifest.res
         Debug\Cars.obj
         Debug\Objects.obj
         Debug\SimpleBehaviors.obj
         Debug\Suburbs.obj
         Debug\Drive.obj
         Debug\Roads.obj
         Debug\Behavior.obj
         Debug\DrawingState.obj
         Debug\DrawUtils.obj
         Debug\FlyCamera.obj
         Debug\GraphicsTownUI.obj
         Debug\GrObject.obj
         Debug\GrWorld.obj
         Debug\MMatrix.obj
         Debug\TownViewWidget.obj
         Debug\GLee.obj
         Debug\libtarga.obj
         Debug\ShaderTools.obj
         Debug\Texture.obj
         Debug\Main.obj
     1>MSVCRTD.lib(cinitexe.obj) : warning LNK4098: defaultlib 'libcmtd.lib' conflicts with use of other libs; use /NODEFAULTLIB:library
     1>Cars.obj : error LNK2019: unresolved external symbol _glutSolidCube@8 referenced in function "public: virtual void __thiscall Car1::drawBody(class DrawingState *)" (?drawBody@Car1@@UAEXPAVDrawingState@@@Z)
     1>Objects.obj : error LNK2001: unresolved external symbol _glutSolidCube@8
     1>Suburbs.obj : error LNK2001: unresolved external symbol _glutSolidCube@8
     1>Objects.obj : error LNK2019: unresolved external symbol _glutWireSphere@16 referenced in function "public: virtual void __thiscall Airship::draw(class DrawingState *)" (?draw@Airship@@UAEXPAVDrawingState@@@Z)
     1>Debug\GrTown.exe : fatal error LNK1120: 2 unresolved externals
     1>Done Building Project "C:\Users\Samuel_ting\Documents\Visual Studio 2010\Projects\ProjectFramework20111130\ProjectFramework\GrTown\GrTown.vcxproj" (build target(s)) -- FAILED.

Build FAILED.

Time Elapsed 00:00:00.32
